{
  "RSpec": {
    "coverage": {
      "/home/aayish/rails_projects/rgsoc2/rgsoc-teams/app/models/user.rb": [
        1,
        null,
        1,
        1,
        1,
        null,
        1,
        null,
        null,
        null,
        null,
        null,
        null,
        null,
        null,
        null,
        1,
        null,
        null,
        null,
        null,
        null,
        null,
        null,
        null,
        null,
        null,
        null,
        1,
        1,
        1,
        null,
        1,
        null,
        1,
        1,
        695,
        null,
        null,
        1,
        1,
        null,
        null,
        1,
        1,
        null,
        null,
        1,
        52,
        1,
        1,
        null,
        1,
        1,
        null,
        1,
        1,
        null,
        1,
        1,
        null,
        1,
        1,
        3,
        null,
        3,
        0,
        null,
        3,
        null,
        null,
        3,
        3,
        3,
        null,
        null,
        1,
        3,
        null,
        null,
        1,
        4,
        null,
        null,
        1,
        1,
        null,
        null,
        1,
        null,
        null,
        3,
        null,
        null,
        1,
        1,
        null,
        null,
        null,
        null,
        1,
        1,
        null,
        null,
        1,
        51,
        null,
        null,
        1,
        694,
        null,
        null,
        1,
        null,
        null,
        null,
        1,
        395,
        null,
        null,
        1,
        196,
        196,
        413,
        196,
        196,
        null,
        null
      ],
      "/home/aayish/rails_projects/rgsoc2/rgsoc-teams/lib/github/user.rb": [
        1,
        null,
        1,
        1,
        1,
        null,
        1,
        197,
        197,
        null,
        null,
        1,
        null,
        null,
        null,
        null,
        null,
        null,
        null,
        null,
        193,
        null,
        null,
        1,
        null,
        1,
        221,
        null,
        null,
        1,
        null,
        193,
        193,
        null,
        null,
        null
      ],
      "/home/aayish/rails_projects/rgsoc2/rgsoc-teams/app/helpers/authentication/active_record_helpers.rb": [
        1,
        1,
        1,
        1,
        null,
        null,
        1,
        1,
        0,
        null,
        null,
        1,
        0,
        null,
        null,
        1,
        0,
        null,
        null,
        null,
        null,
        null,
        null,
        null,
        0,
        0,
        0,
        0,
        null,
        null,
        1,
        1,
        0,
        0,
        0,
        null,
        0,
        null,
        null,
        null,
        null
      ],
      "/home/aayish/rails_projects/rgsoc2/rgsoc-teams/app/helpers/profiles_helper.rb": [
        1,
        1,
        272,
        null,
        null,
        1,
        14,
        14,
        null,
        null,
        1,
        9,
        null,
        null,
        1,
        10,
        null,
        null,
        1,
        286,
        null,
        null
      ],
      "/home/aayish/rails_projects/rgsoc2/rgsoc-teams/app/helpers/application_helper.rb": [
        null,
        1,
        1,
        null,
        147,
        null,
        1,
        23,
        4,
        null,
        19,
        null,
        23,
        null,
        null,
        1,
        0,
        0,
        null,
        null,
        1,
        15,
        null,
        null,
        1,
        14,
        null,
        null,
        1,
        1,
        null,
        null,
        1,
        0,
        null,
        null,
        1,
        0,
        null,
        null,
        1,
        0,
        0,
        0,
        0,
        0,
        0,
        0,
        0,
        null,
        null,
        1,
        21,
        null,
        null,
        1,
        0,
        0,
        0,
        null,
        null,
        1,
        0,
        0,
        0,
        null,
        0,
        null,
        0,
        null,
        0,
        null,
        null,
        1,
        0,
        null,
        null,
        1,
        0,
        0,
        0,
        null,
        null,
        1,
        0,
        0,
        0,
        0,
        null,
        null,
        1,
        0,
        0,
        0,
        0,
        null,
        null,
        1,
        0,
        null,
        null,
        1,
        0,
        0,
        null,
        0,
        null,
        null,
        1,
        27,
        null,
        null,
        1,
        9,
        24,
        24,
        24,
        null,
        null,
        null,
        1,
        0,
        0,
        0,
        null,
        null,
        null,
        null,
        1,
        null,
        2,
        2,
        1,
        null,
        null,
        1,
        0,
        null,
        null,
        1,
        0,
        0,
        0,
        null,
        null,
        null,
        1,
        12,
        0,
        0,
        0,
        null,
        null,
        null,
        1,
        null,
        0,
        0,
        null,
        null,
        1,
        null,
        6,
        4,
        null,
        null,
        1,
        14,
        null,
        14,
        null,
        null,
        null,
        1,
        0,
        0,
        0,
        null,
        null,
        1,
        null,
        6,
        6,
        6,
        7,
        null,
        null,
        1,
        null,
        0,
        0,
        null,
        0,
        null,
        null,
        null,
        1,
        2,
        2,
        1,
        null,
        null,
        null,
        1,
        26,
        26,
        26,
        null,
        null,
        1,
        2,
        null,
        null,
        null,
        1,
        0,
        0,
        null,
        0,
        null,
        null,
        null,
        1,
        9,
        1,
        1,
        null,
        null,
        8,
        null,
        null,
        null,
        1,
        5,
        null,
        null,
        1,
        3,
        null,
        null
      ],
      "/home/aayish/rails_projects/rgsoc2/rgsoc-teams/app/helpers/application_form_helper.rb": [
        1,
        null,
        1,
        null,
        5,
        null,
        null,
        null,
        null,
        null,
        null,
        null,
        null
      ],
      "/home/aayish/rails_projects/rgsoc2/rgsoc-teams/app/helpers/applications_helper.rb": [
        1,
        1,
        5,
        5,
        null,
        null,
        1,
        3,
        3,
        3,
        3,
        null,
        null,
        1,
        4,
        4,
        4,
        4,
        null,
        null
      ],
      "/home/aayish/rails_projects/rgsoc2/rgsoc-teams/app/helpers/color_helper.rb": [
        1,
        1,
        null,
        null,
        null,
        null,
        null,
        1,
        0,
        0,
        0,
        null,
        null
      ],
      "/home/aayish/rails_projects/rgsoc2/rgsoc-teams/app/helpers/markdown_helper.rb": [
        1,
        1,
        21,
        null,
        null,
        null,
        null,
        21,
        21,
        null,
        null
      ],
      "/home/aayish/rails_projects/rgsoc2/rgsoc-teams/app/helpers/url_helper.rb": [
        1,
        1,
        45,
        45,
        null,
        null
      ],
      "/home/aayish/rails_projects/rgsoc2/rgsoc-teams/app/controllers/applications_controller.rb": [
        1,
        1,
        null,
        1,
        1,
        1,
        1,
        1,
        1,
        null,
        1,
        0,
        null,
        null,
        1,
        2,
        1,
        null,
        1,
        null,
        null,
        null,
        1,
        2,
        1,
        1,
        1,
        null,
        1,
        null,
        null,
        null,
        1,
        0,
        null,
        null,
        1,
        0,
        0,
        0,
        null,
        0,
        null,
        null,
        null,
        1,
        0,
        0,
        0,
        0,
        0,
        0,
        null,
        null,
        null,
        1,
        null,
        1,
        0,
        0,
        0,
        null,
        null,
        null,
        1,
        11,
        null,
        null,
        1,
        3,
        0,
        null,
        null,
        null,
        null,
        null,
        null,
        3,
        null,
        null,
        null,
        1,
        2,
        null,
        null,
        1,
        0,
        null,
        1,
        null,
        1,
        0,
        0,
        null,
        null,
        1,
        0,
        null,
        null,
        1,
        0,
        0,
        null,
        0,
        null,
        null,
        null,
        1,
        0,
        0,
        0,
        0,
        null,
        0,
        null,
        null,
        1,
        0,
        0,
        null,
        null,
        null,
        1,
        0,
        0,
        0,
        0,
        null,
        null,
        1,
        0,
        0,
        0,
        0,
        null,
        null,
        1,
        6,
        2,
        null,
        null,
        null
      ],
      "/home/aayish/rails_projects/rgsoc2/rgsoc-teams/app/controllers/application_controller.rb": [
        1,
        1,
        null,
        1,
        98,
        98,
        98,
        null,
        null,
        null,
        1,
        98,
        98,
        98,
        null,
        null,
        1,
        0,
        0,
        null,
        0,
        null,
        null,
        null,
        1,
        22,
        null,
        null,
        1,
        1,
        0,
        0,
        0,
        0,
        0,
        null,
        null,
        null,
        1,
        2,
        2,
        2,
        null,
        null,
        1,
        0,
        null,
        null
      ],
      "/home/aayish/rails_projects/rgsoc2/rgsoc-teams/app/controllers/calendar_controller.rb": [
        1,
        1,
        null,
        null,
        1,
        1,
        2,
        null,
        null,
        null
      ],
      "/home/aayish/rails_projects/rgsoc2/rgsoc-teams/app/controllers/comments_controller.rb": [
        1,
        1,
        4,
        4,
        4,
        null,
        null,
        1,
        null,
        1,
        8,
        null,
        null
      ],
      "/home/aayish/rails_projects/rgsoc2/rgsoc-teams/app/controllers/conferences_controller.rb": [
        1,
        1,
        null,
        1,
        0,
        0,
        null,
        null,
        1,
        0,
        0,
        null,
        null,
        1,
        null,
        1,
        1,
        null,
        1,
        null,
        1,
        0,
        null,
        1,
        null,
        1,
        0,
        null,
        null,
        null,
        null,
        0,
        null,
        null,
        1,
        null,
        null,
        null,
        1,
        null,
        null
      ],
      "/home/aayish/rails_projects/rgsoc2/rgsoc-teams/app/controllers/contributors_controller.rb": [
        1,
        1,
        null,
        1,
        null,
        1,
        1,
        1,
        null,
        null,
        1,
        null,
        1,
        null,
        null,
        null,
        null,
        null,
        null,
        null,
        null,
        null,
        1,
        null,
        null
      ],
      "/home/aayish/rails_projects/rgsoc2/rgsoc-teams/app/controllers/events_controller.rb": [
        1,
        1,
        null,
        1,
        null,
        null,
        1,
        1,
        null,
        null,
        null,
        1,
        null,
        null,
        null,
        1,
        1,
        null,
        null,
        null,
        1,
        null,
        null,
        null,
        1,
        5,
        null,
        5,
        3,
        null,
        2,
        null,
        null,
        null,
        null,
        1,
        5,
        2,
        null,
        3,
        null,
        null,
        null,
        null,
        1,
        2,
        2,
        null,
        null,
        1,
        null,
        1,
        9,
        null,
        null,
        null,
        1,
        20,
        null,
        null
      ],
      "/home/aayish/rails_projects/rgsoc2/rgsoc-teams/app/controllers/roles_controller.rb": [
        1,
        1,
        1,
        null,
        1,
        null,
        1,
        0,
        0,
        null,
        null,
        1,
        3,
        null,
        3,
        3,
        6,
        3,
        null,
        0,
        0,
        null,
        null,
        null,
        null,
        1,
        2,
        2,
        null,
        null,
        null,
        1,
        null,
        1,
        10,
        null,
        null,
        1,
        10,
        4,
        null,
        6,
        null,
        null,
        null,
        1,
        11,
        11,
        null,
        null,
        null
      ],
      "/home/aayish/rails_projects/rgsoc2/rgsoc-teams/app/controllers/sources_controller.rb": [
        1,
        1,
        1,
        null,
        1,
        1,
        1,
        null,
        1,
        null,
        1,
        1,
        2,
        1,
        null,
        null,
        null,
        1,
        1,
        null,
        null,
        1,
        5,
        5,
        6,
        3,
        null,
        4,
        2,
        null,
        null,
        null,
        null,
        1,
        5,
        5,
        4,
        2,
        null,
        6,
        3,
        null,
        null,
        null,
        null,
        1,
        2,
        2,
        4,
        2,
        null,
        null,
        null,
        null,
        1,
        null,
        1,
        22,
        null,
        null,
        1,
        1,
        1,
        null,
        0,
        0,
        null,
        null,
        null,
        1,
        21,
        13,
        null,
        8,
        null,
        null,
        null,
        1,
        27,
        27,
        null,
        null
      ],
      "/home/aayish/rails_projects/rgsoc2/rgsoc-teams/app/controllers/teams_controller.rb": [
        1,
        1,
        1,
        1,
        null,
        1,
        null,
        1,
        1,
        0,
        0,
        null,
        1,
        null,
        null,
        null,
        1,
        null,
        null,
        1,
        1,
        1,
        1,
        null,
        null,
        1,
        1,
        null,
        null,
        1,
        3,
        null,
        3,
        3,
        6,
        3,
        null,
        0,
        0,
        null,
        null,
        null,
        null,
        1,
        5,
        5,
        4,
        2,
        null,
        6,
        3,
        null,
        null,
        null,
        null,
        1,
        2,
        2,
        4,
        2,
        null,
        null,
        null,
        1,
        null,
        1,
        14,
        null,
        null,
        1,
        3,
        null,
        null,
        1,
        18,
        18,
        null,
        null,
        null,
        null,
        null,
        null,
        null,
        null,
        1,
        1,
        0,
        null,
        1,
        null,
        null,
        1,
        null,
        null
      ],
      "/home/aayish/rails_projects/rgsoc2/rgsoc-teams/app/controllers/users_controller.rb": [
        1,
        1,
        1,
        null,
        1,
        null,
        1,
        3,
        3,
        3,
        3,
        null,
        null,
        1,
        null,
        null,
        1,
        0,
        null,
        null,
        1,
        1,
        0,
        0,
        null,
        null,
        null,
        1,
        0,
        null,
        0,
        0,
        0,
        0,
        null,
        0,
        0,
        null,
        null,
        null,
        null,
        1,
        5,
        5,
        4,
        2,
        null,
        6,
        3,
        null,
        null,
        null,
        null,
        1,
        2,
        2,
        4,
        2,
        null,
        null,
        null,
        null,
        1,
        null,
        1,
        14,
        null,
        null,
        1,
        0,
        null,
        1,
        null,
        1,
        12,
        null,
        null,
        null,
        null,
        null,
        null,
        null,
        null,
        null,
        null,
        null,
        null,
        1,
        3,
        null,
        null
      ],
      "/home/aayish/rails_projects/rgsoc2/rgsoc-teams/lib/feed.rb": [
        1,
        null,
        1,
        1,
        1,
        1,
        1,
        null,
        1,
        1,
        0,
        0,
        null,
        null,
        null,
        null,
        1,
        null,
        1,
        6,
        6,
        6,
        null,
        null,
        1,
        6,
        6,
        6,
        6,
        null,
        0,
        0,
        null,
        null,
        1,
        null,
        1,
        2,
        2,
        2,
        null,
        null,
        1,
        2,
        3,
        2,
        2,
        null,
        null,
        1,
        6,
        11,
        11,
        null,
        11,
        11,
        11,
        null,
        null,
        0,
        0,
        null,
        null,
        1,
        6,
        6,
        6,
        6,
        null,
        null
      ],
      "/home/aayish/rails_projects/rgsoc2/rgsoc-teams/app/mailers/application_form_mailer.rb": [
        1,
        1,
        null,
        1,
        null,
        1,
        4,
        4,
        null,
        null
      ],
      "/home/aayish/rails_projects/rgsoc2/rgsoc-teams/app/mailers/mailer.rb": [
        1,
        1,
        null,
        1,
        null,
        1,
        1,
        null,
        1,
        null,
        1,
        13,
        13,
        null,
        null,
        1,
        null,
        1,
        13,
        13,
        null,
        null,
        null
      ],
      "/home/aayish/rails_projects/rgsoc2/rgsoc-teams/app/models/ability.rb": [
        null,
        null,
        null,
        1,
        1,
        null,
        1,
        91,
        null,
        91,
        null,
        91,
        91,
        null,
        91,
        17,
        null,
        null,
        91,
        1,
        null,
        null,
        91,
        11,
        null,
        null,
        91,
        20,
        null,
        null,
        91,
        0,
        null,
        null,
        91,
        91,
        91,
        2,
        null,
        null,
        91,
        91,
        91,
        91,
        91,
        null,
        null,
        91,
        91,
        null,
        null,
        1,
        110,
        null,
        null,
        1,
        45,
        null,
        null
      ],
      "/home/aayish/rails_projects/rgsoc2/rgsoc-teams/app/models/activity.rb": [
        1,
        1,
        null,
        1,
        null,
        1,
        null,
        1,
        1,
        1,
        null,
        null,
        1,
        1,
        null,
        null,
        1,
        1,
        null,
        null,
        null
      ],
      "/home/aayish/rails_projects/rgsoc2/rgsoc-teams/app/models/application.rb": [
        1,
        1,
        1,
        null,
        1,
        1,
        1,
        1,
        null,
        null,
        1,
        1,
        null,
        2,
        2,
        null,
        1,
        2,
        null,
        null,
        1,
        2,
        null,
        null,
        1,
        2,
        null,
        null,
        1,
        1,
        1,
        null,
        null,
        1,
        1,
        null,
        null,
        1,
        0,
        0,
        0,
        0,
        0,
        null,
        null,
        1,
        0,
        0,
        0,
        0,
        0,
        null,
        0,
        null,
        null,
        1,
        1,
        6,
        null,
        null,
        1,
        1,
        null,
        null,
        1,
        9,
        9,
        null,
        9,
        2,
        2,
        null,
        null,
        null,
        1,
        2,
        null,
        null,
        1,
        2,
        2,
        2,
        null,
        null,
        null,
        null,
        1,
        2,
        2,
        null,
        0,
        null,
        null,
        null,
        1,
        2,
        null,
        null,
        1,
        5,
        5,
        null,
        5,
        1,
        3,
        1,
        null,
        null,
        null,
        1,
        6,
        null,
        null,
        1,
        2,
        null,
        null,
        1,
        8,
        null,
        null,
        1,
        null,
        null,
        null,
        null,
        null,
        null,
        null,
        1,
        2,
        null,
        null,
        1,
        2,
        null,
        null
      ],
      "/home/aayish/rails_projects/rgsoc2/rgsoc-teams/app/models/comment.rb": [
        1,
        1,
        1,
        1,
        null,
        1,
        null,
        1,
        5,
        null,
        null,
        1,
        1,
        2,
        null,
        null,
        null,
        1,
        null,
        1,
        18,
        10,
        10,
        null,
        null
      ],
      "/home/aayish/rails_projects/rgsoc2/rgsoc-teams/app/models/conference.rb": [
        1,
        1,
        1,
        null,
        1,
        null,
        5,
        null,
        1,
        1,
        null,
        null
      ],
      "/home/aayish/rails_projects/rgsoc2/rgsoc-teams/app/models/event.rb": [
        1,
        1,
        null
      ],
      "/home/aayish/rails_projects/rgsoc2/rgsoc-teams/app/models/mailing.rb": [
        1,
        1,
        null,
        1,
        null,
        1,
        null,
        1,
        null,
        1,
        1,
        null,
        null,
        1,
        1,
        0,
        null,
        4,
        1,
        1,
        null,
        null,
        null,
        1,
        2,
        null,
        null
      ],
      "/home/aayish/rails_projects/rgsoc2/rgsoc-teams/app/models/recipients.rb": [
        1,
        1,
        null,
        1,
        null,
        1,
        2,
        null,
        null,
        1,
        3,
        null,
        null,
        1,
        4,
        null,
        null,
        1,
        2,
        null,
        null,
        1,
        null,
        16,
        2,
        null,
        null
      ],
      "/home/aayish/rails_projects/rgsoc2/rgsoc-teams/app/models/role.rb": [
        1,
        1,
        null,
        1,
        1,
        1,
        1,
        null,
        1,
        null,
        1,
        1,
        null,
        1,
        1,
        1,
        null,
        1,
        1,
        11,
        null,
        null,
        null
      ],
      "/home/aayish/rails_projects/rgsoc2/rgsoc-teams/app/models/concerns/github_handle.rb": [
        1,
        1,
        null,
        1,
        4,
        null,
        null,
        1,
        14,
        14,
        null,
        null
      ],
      "/home/aayish/rails_projects/rgsoc2/rgsoc-teams/app/models/source.rb": [
        1,
        1,
        null,
        1,
        null,
        1,
        null,
        1,
        1,
        null,
        1,
        45,
        null,
        null,
        null,
        null,
        null,
        null
      ],
      "/home/aayish/rails_projects/rgsoc2/rgsoc-teams/app/models/submission.rb": [
        1,
        1,
        1,
        0,
        null,
        null,
        null,
        1,
        null,
        1,
        null,
        1,
        4,
        4,
        null,
        null,
        1,
        1,
        null,
        null
      ],
      "/home/aayish/rails_projects/rgsoc2/rgsoc-teams/app/workers/submission_worker.rb": [
        1,
        1,
        null,
        1,
        21,
        null,
        null,
        1,
        5,
        5,
        5,
        null,
        null,
        null,
        1,
        7,
        7,
        7,
        5,
        null,
        2,
        2,
        2,
        null,
        7,
        7,
        null,
        null
      ],
      "/home/aayish/rails_projects/rgsoc2/rgsoc-teams/app/models/team.rb": [
        1,
        1,
        null,
        1,
        null,
        1,
        1,
        1,
        null,
        null,
        null,
        1,
        null,
        1,
        1,
        1,
        29,
        null,
        1,
        1,
        4,
        1,
        1,
        null,
        1,
        null,
        1,
        1,
        null,
        1,
        1,
        0,
        null,
        null,
        null,
        1,
        106,
        null,
        null,
        1,
        250,
        null,
        null,
        1,
        17,
        17,
        17,
        17,
        17,
        null,
        null,
        1,
        0,
        null,
        null,
        1,
        17,
        null,
        null,
        1,
        21,
        null,
        null,
        1,
        20,
        null,
        null,
        1,
        20,
        null,
        null,
        1,
        6,
        null,
        null,
        1,
        12,
        12,
        null,
        null,
        1,
        null,
        1,
        11,
        11,
        null,
        null,
        null,
        null,
        null,
        null,
        null,
        null,
        null,
        null,
        null,
        null,
        null,
        null,
        null,
        null
      ],
      "/home/aayish/rails_projects/rgsoc2/rgsoc-teams/app/controllers/attendances_controller.rb": [
        1,
        null,
        null,
        1,
        0,
        0,
        null,
        null,
        1,
        0,
        0,
        null,
        null,
        1,
        null,
        1,
        0,
        null,
        null,
        1,
        0,
        null,
        null,
        null
      ],
      "/home/aayish/rails_projects/rgsoc2/rgsoc-teams/app/controllers/join_controller.rb": [
        1,
        1,
        1,
        null,
        1,
        0,
        0,
        null,
        null,
        1,
        null,
        1,
        0,
        null,
        null,
        1,
        0,
        null,
        null
      ],
      "/home/aayish/rails_projects/rgsoc2/rgsoc-teams/app/controllers/mailings_controller.rb": [
        1,
        1,
        1,
        1,
        null,
        1,
        null,
        1,
        0,
        0,
        null,
        0,
        null,
        null,
        null,
        1,
        0,
        0,
        null,
        0,
        null,
        null,
        null,
        1,
        0,
        0,
        null,
        null,
        1,
        null,
        1,
        0,
        null,
        null,
        1,
        0,
        null,
        null,
        1,
        0,
        null,
        null,
        1,
        0,
        0,
        null,
        0,
        null,
        null,
        null
      ],
      "/home/aayish/rails_projects/rgsoc2/rgsoc-teams/app/controllers/submissions_controller.rb": [
        1,
        1,
        1,
        null,
        1,
        null,
        1,
        0,
        null,
        null,
        1,
        0,
        0,
        null,
        null,
        1,
        0,
        0,
        null,
        null,
        1,
        null,
        1,
        0,
        null,
        null,
        1,
        0,
        null,
        null,
        null
      ],
      "/home/aayish/rails_projects/rgsoc2/rgsoc-teams/app/controllers/teams_info_controller.rb": [
        1,
        null,
        1,
        null,
        1,
        null,
        1,
        0,
        null,
        1,
        null,
        null,
        null,
        null,
        null,
        null,
        null
      ],
      "/home/aayish/rails_projects/rgsoc2/rgsoc-teams/app/controllers/users_info_controller.rb": [
        1,
        1,
        1,
        null,
        1,
        null,
        1,
        0,
        0,
        0,
        0,
        null,
        1,
        null,
        1,
        0,
        0,
        null,
        null
      ],
      "/home/aayish/rails_projects/rgsoc2/rgsoc-teams/app/models/attendance.rb": [
        1,
        1,
        null,
        1,
        1,
        null
      ],
      "/home/aayish/rails_projects/rgsoc2/rgsoc-teams/app/models/rating.rb": [
        1,
        1,
        1,
        0,
        null,
        null,
        1,
        0,
        null,
        null,
        1,
        0,
        null,
        null,
        null,
        1,
        null,
        1,
        1,
        null,
        1,
        0,
        null,
        null,
        1,
        0,
        0,
        0,
        null,
        null
      ],
      "/home/aayish/rails_projects/rgsoc2/rgsoc-teams/lib/feed/s3.rb": [
        1,
        1,
        1,
        1,
        6,
        null,
        null,
        null,
        1,
        null,
        1,
        11,
        11,
        11,
        null,
        null,
        1,
        0,
        null,
        0,
        null,
        null,
        1,
        0,
        null,
        null,
        1,
        0,
        null,
        null,
        1,
        0,
        null,
        null,
        null
      ],
      "/home/aayish/rails_projects/rgsoc2/rgsoc-teams/lib/feed/item.rb": [
        1,
        1,
        1,
        null,
        1,
        11,
        11,
        11,
        null,
        null,
        1,
        null,
        null,
        null,
        null,
        null,
        null,
        null,
        null,
        null,
        11,
        null,
        null,
        1,
        33,
        null,
        null,
        1,
        11,
        null,
        null,
        1,
        66,
        22,
        22,
        null,
        null,
        null
      ],
      "/home/aayish/rails_projects/rgsoc2/rgsoc-teams/lib/feed/image.rb": [
        1,
        1,
        null,
        1,
        1,
        1,
        null,
        1,
        11,
        11,
        11,
        null,
        null,
        1,
        11,
        11,
        0,
        0,
        0,
        null,
        null,
        null,
        1,
        11,
        11,
        11,
        null,
        null,
        1,
        11,
        null,
        null,
        null,
        null,
        11,
        0,
        null,
        11,
        11,
        null,
        null,
        null
      ],
      "/home/aayish/rails_projects/rgsoc2/rgsoc-teams/lib/feed/discovery.rb": [
        1,
        null,
        1,
        1,
        1,
        null,
        1,
        4,
        4,
        null,
        null,
        1,
        2,
        null,
        null,
        1,
        3,
        null,
        null,
        1,
        null,
        1,
        4,
        null,
        null,
        1,
        1,
        null,
        null,
        1,
        1,
        null,
        null,
        1,
        3,
        null,
        null,
        1,
        2,
        172,
        null,
        null,
        null,
        null
      ],
      "/home/aayish/rails_projects/rgsoc2/rgsoc-teams/app/models/application_form.rb": [
        1,
        1,
        1,
        1,
        null,
        1,
        null,
        1,
        null,
        null,
        null,
        null,
        null,
        null,
        null,
        null,
        1,
        null,
        1,
        null,
        1,
        null,
        1,
        3,
        5,
        null,
        null,
        null,
        1,
        6,
        null,
        null,
        1,
        3,
        null,
        null,
        1,
        69,
        null,
        null
      ],
      "/home/aayish/rails_projects/rgsoc2/rgsoc-teams/app/mailers/comment_mailer.rb": [
        1,
        1,
        null,
        1,
        null,
        1,
        1,
        null,
        1,
        0,
        0,
        null,
        null,
        1,
        null,
        1,
        0,
        null,
        null,
        1,
        0,
        null,
        null,
        1,
        0,
        0,
        null,
        null
      ],
      "/home/aayish/rails_projects/rgsoc2/rgsoc-teams/app/workers/application_form_mailer_worker.rb": [
        1,
        1,
        null,
        1,
        1,
        null,
        null,
        1,
        1,
        1,
        1,
        null,
        null
      ],
      "/home/aayish/rails_projects/rgsoc2/rgsoc-teams/app/controllers/activities_controller.rb": [
        1,
        1,
        1,
        1,
        null,
        1,
        null,
        1,
        0,
        0,
        0,
        0,
        null,
        null,
        null,
        1,
        null,
        1,
        0,
        0,
        0,
        null,
        null,
        1,
        0,
        null,
        1,
        null,
        1,
        0,
        null,
        null,
        null
      ]
    },
    "timestamp": 1367496038
  }
}
